
running 1 test
test check ... FAILED

failures:

---- check stdout ----
thread 'check' panicked at 'Unexpected failure.
code-101
stderr=```thread 'tokio-runtime-worker' panicked at 'Failed to run 'run' command: Os { code: 2, kind: NotFound, message: "No such file or directory" }', src/exercise.rs:185:14
note: run with `RUST_BACKTRACE=1` environment variable to display a backtrace
thread 'main' panicked at 'called `Result::unwrap()` on an `Err` value: JoinError::Panic(Id(99), ...)', src/main.rs:318:44
```
command=`"/home/yzzlqyxc/rust/rustlings-yzzlqyxc/target/debug/rustlings" "--nocapture" "myverify"`
code=101
stdout=```args: Args { nocapture: true, version: false, nested: Some(MyVerify(MyVerifyArgs)) }
x has the value 5

✅ Successfully ran exercises/variables/variables1.rs
variables1执行成功
总的题目数: 94
当前做正确的题目数: 1
当前修改试卷总耗时: 1 s
Hello and
       welcome to...                      
                 _   _ _                  
  _ __ _   _ ___| |_| (_)_ __   __ _ ___  
 | '__| | | / __| __| | | '_ \ / _` / __| 
 | |  | |_| \__ \ |_| | | | | | (_| \__ \ 
 |_|   \__,_|___/\__|_|_|_| |_|\__, |___/ 
                               |___/      

This exercise compiles successfully. The remaining exercises contain a compiler
or logic error. The central concept behind Rustlings is to fix these errors and
solve the exercises. Good luck!

The source for this exercise is in `exercises/intro/intro1.rs`. Have a look!
Going forward, the source of the exercises will always be in the success/failure output.

✅ Successfully ran exercises/intro/intro1.rs
intro1执行成功
总的题目数: 94
当前做正确的题目数: 2
当前修改试卷总耗时: 1 s
Number 30

✅ Successfully ran exercises/variables/variables3.rs
variables3执行成功
总的题目数: 94
当前做正确的题目数: 3
当前修改试卷总耗时: 1 s
Your sale price is 48

✅ Successfully ran exercises/functions/functions4.rs
functions4执行成功
总的题目数: 94
当前做正确的题目数: 4
当前修改试卷总耗时: 1 s
x is ten!

✅ Successfully ran exercises/variables/variables2.rs
variables2执行成功
总的题目数: 94
当前做正确的题目数: 5
当前修改试卷总耗时: 1 s
Spell a Number : T-H-R-E-E
Number plus two is : 5

✅ Successfully ran exercises/variables/variables5.rs
variables5执行成功
总的题目数: 94
当前做正确的题目数: 6
当前修改试卷总耗时: 1 s
Hello World!

✅ Successfully ran exercises/intro/intro2.rs
intro2执行成功
总的题目数: 94
当前做正确的题目数: 7
当前修改试卷总耗时: 1 s

✅ Successfully ran exercises/functions/functions1.rs
functions1执行成功
总的题目数: 94
当前做正确的题目数: 8
当前修改试卷总耗时: 1 s
Number 3

✅ Successfully ran exercises/variables/variables6.rs
variables6执行成功
总的题目数: 94
当前做正确的题目数: 9
当前修改试卷总耗时: 1 s
Number 3
Number 5

✅ Successfully ran exercises/variables/variables4.rs
variables4执行成功
总的题目数: 94
当前做正确的题目数: 10
当前修改试卷总耗时: 1 s
Ring! Call number 1
Ring! Call number 2
Ring! Call number 3

✅ Successfully ran exercises/functions/functions3.rs
functions3执行成功
总的题目数: 94
当前做正确的题目数: 11
当前修改试卷总耗时: 1 s
Ring! Call number 1
Ring! Call number 2
Ring! Call number 3

✅ Successfully ran exercises/functions/functions2.rs
functions2执行成功
总的题目数: 94
当前做正确的题目数: 12
当前修改试卷总耗时: 1 s
Furry McFurson is 3.5 years old.

✅ Successfully ran exercises/primitive_types/primitive_types5.rs
primitive_types5执行成功
总的题目数: 94
当前做正确的题目数: 13
当前修改试卷总耗时: 1 s
Good morning!

✅ Successfully ran exercises/primitive_types/primitive_types1.rs
primitive_types1执行成功
总的题目数: 94
当前做正确的题目数: 14
当前修改试卷总耗时: 1 s
Wow, that's a big array!

✅ Successfully ran exercises/primitive_types/primitive_types3.rs
primitive_types3执行成功
总的题目数: 94
当前做正确的题目数: 15
当前修改试卷总耗时: 1 s
The square of 3 is 9

✅ Successfully ran exercises/functions/functions5.rs
functions5执行成功
总的题目数: 94
当前做正确的题目数: 16
当前修改试卷总耗时: 1 s
Alphabetical!
Alphabetical!

✅ Successfully ran exercises/primitive_types/primitive_types2.rs
primitive_types2执行成功
总的题目数: 94
当前做正确的题目数: 17
当前修改试卷总耗时: 1 s

running 2 tests
test tests::fortytwo_is_bigger_than_thirtytwo ... ok
test tests::ten_is_bigger_than_eight ... ok

successes:

successes:
    tests::fortytwo_is_bigger_than_thirtytwo
    tests::ten_is_bigger_than_eight

test result: ok. 2 passed; 0 failed; 0 ignored; 0 measured; 0 filtered out; finished in 0.02s


if1执行成功
总的题目数: 94
当前做正确的题目数: 18
当前修改试卷总耗时: 1 s

running 3 tests
test tests::foo_for_fizz ... ok
test tests::bar_for_fuzz ... ok
test tests::default_to_baz ... ok

successes:

successes:
    tests::bar_for_fuzz
    tests::default_to_baz
    tests::foo_for_fizz

test result: ok. 3 passed; 0 failed; 0 ignored; 0 measured; 0 filtered out; finished in 0.01s


if2执行成功
总的题目数: 94
当前做正确的题目数: 19
当前修改试卷总耗时: 1 s

running 1 test
test verify_test ... ok

successes:

successes:
    verify_test

test result: ok. 1 passed; 0 failed; 0 ignored; 0 measured; 0 filtered out; finished in 0.02s


quiz1执行成功
总的题目数: 94
当前做正确的题目数: 20
当前修改试卷总耗时: 1 s

running 1 test
test indexing_tuple ... ok

successes:

successes:
    indexing_tuple

test result: ok. 1 passed; 0 failed; 0 ignored; 0 measured; 0 filtered out; finished in 0.00s


primitive_types6执行成功
总的题目数: 94
当前做正确的题目数: 21
当前修改试卷总耗时: 1 s

running 1 test
test tests::test_array_and_vec_similarity ... ok

successes:

successes:
    tests::test_array_and_vec_similarity

test result: ok. 1 passed; 0 failed; 0 ignored; 0 measured; 0 filtered out; finished in 0.00s


vecs1执行成功
总的题目数: 94
当前做正确的题目数: 22
当前修改试卷总耗时: 1 s

running 1 test
test slice_out_of_array ... ok

successes:

successes:
    slice_out_of_array

test result: ok. 1 passed; 0 failed; 0 ignored; 0 measured; 0 filtered out; finished in 0.01s


primitive_types4执行成功
总的题目数: 94
当前做正确的题目数: 23
当前修改试卷总耗时: 1 s

running 2 tests
test tests::test_vec_map ... ok
test tests::test_vec_loop ... ok

successes:

successes:
    tests::test_vec_loop
    tests::test_vec_map

test result: ok. 2 passed; 0 failed; 0 ignored; 0 measured; 0 filtered out; finished in 0.02s


vecs2执行成功
总的题目数: 94
当前做正确的题目数: 24
当前修改试卷总耗时: 1 s
vec1 has length 3 content `[22, 44, 66]`
vec1 has length 4 content `[22, 44, 66, 88]`

✅ Successfully ran exercises/move_semantics/move_semantics1.rs
move_semantics1执行成功
总的题目数: 94
当前做正确的题目数: 25
当前修改试卷总耗时: 1 s
vec0 has length 0 content `[]`
vec1 has length 4 content `[22, 44, 66, 88]`

✅ Successfully ran exercises/move_semantics/move_semantics2.rs
move_semantics2执行成功
总的题目数: 94
当前做正确的题目数: 26
当前修改试卷总耗时: 1 s

✅ Successfully ran exercises/move_semantics/move_semantics5.rs
move_semantics5执行成功
总的题目数: 94
当前做正确的题目数: 27
当前修改试卷总耗时: 1 s
vec1 has length 3 content `[22, 44, 66]`
vec1 has length 4 content `[22, 44, 66, 88]`

✅ Successfully ran exercises/move_semantics/move_semantics3.rs
vec1 has length 3 content `[22, 44, 66]`
vec1 has length 4 content `[22, 44, 66, 88]`

✅ Successfully ran exercises/move_semantics/move_semantics4.rs
move_semantics3执行成功
总的题目数: 94
当前做正确的题目数: 28
当前修改试卷总耗时: 1 s
move_semantics4执行成功
总的题目数: 94
当前做正确的题目数: 29
当前修改试卷总耗时: 1 s
Quit
Echo
Move
ChangeColor

✅ Successfully ran exercises/enums/enums1.rs
enums1执行成功
总的题目数: 94
当前做正确的题目数: 30
当前修改试卷总耗时: 1 s
RUST IS GREAT!

✅ Successfully ran exercises/move_semantics/move_semantics6.rs
move_semantics6执行成功
总的题目数: 94
当前做正确的题目数: 31
当前修改试卷总耗时: 1 s
Move { x: 10, y: 30 }
Echo("hello world")
ChangeColor(200, 255, 255)
Quit

✅ Successfully ran exercises/enums/enums2.rs
enums2执行成功
总的题目数: 94
当前做正确的题目数: 32
当前修改试卷总耗时: 1 s

running 3 tests
test tests::classic_c_structs ... ok
test tests::tuple_structs ... ok
test tests::unit_structs ... ok

successes:

successes:
    tests::classic_c_structs
    tests::tuple_structs
    tests::unit_structs

test result: ok. 3 passed; 0 failed; 0 ignored; 0 measured; 0 filtered out; finished in 0.01s


structs1执行成功
总的题目数: 94
当前做正确的题目数: 33
当前修改试卷总耗时: 2 s

running 1 test
test tests::your_order ... ok

successes:

successes:
    tests::your_order

test result: ok. 1 passed; 0 failed; 0 ignored; 0 measured; 0 filtered out; finished in 0.00s


structs2执行成功
总的题目数: 94
当前做正确的题目数: 34
当前修改试卷总耗时: 2 s

running 4 tests
test tests::calculate_transport_fees ... ok
test tests::fail_creating_weightless_package - should panic ... ok
test tests::create_international_package ... ok
test tests::create_local_package ... ok

successes:

---- tests::fail_creating_weightless_package stdout ----
thread 'tests::fail_creating_weightless_package' panicked at 'Can not ship a weightless package.', exercises/structs/structs3.rs:17:13
note: run with `RUST_BACKTRACE=1` environment variable to display a backtrace


successes:
    tests::calculate_transport_fees
    tests::create_international_package
    tests::create_local_package
    tests::fail_creating_weightless_package

test result: ok. 4 passed; 0 failed; 0 ignored; 0 measured; 0 filtered out; finished in 0.00s


structs3执行成功
总的题目数: 94
当前做正确的题目数: 35
当前修改试卷总耗时: 2 s
That is a color word I know!

✅ Successfully ran exercises/strings/strings2.rs
strings2执行成功
总的题目数: 94
当前做正确的题目数: 36
当前修改试卷总耗时: 2 s
My current favorite color is blue

✅ Successfully ran exercises/strings/strings1.rs

running 1 test
test tests::test_match_message_call ... ok

successes:

---- tests::test_match_message_call stdout ----
hello world


successes:
    tests::test_match_message_call

test result: ok. 1 passed; 0 failed; 0 ignored; 0 measured; 0 filtered out; finished in 0.00s


strings1执行成功
总的题目数: 94
当前做正确的题目数: 37
当前修改试卷总耗时: 2 s
enums3执行成功
总的题目数: 94
当前做正确的题目数: 38
当前修改试卷总耗时: 2 s
sausage!

✅ Successfully ran exercises/modules/modules1.rs
modules1执行成功
总的题目数: 94
当前做正确的题目数: 39
当前修改试卷总耗时: 2 s
favorite snacks: Pear and Cucumber

✅ Successfully ran exercises/modules/modules2.rs
modules2执行成功
总的题目数: 94
当前做正确的题目数: 40
当前修改试卷总耗时: 2 s
1970-01-01 00:00:00 UTC was 1667991938 seconds ago!

✅ Successfully ran exercises/modules/modules3.rs
modules3执行成功
总的题目数: 94
当前做正确的题目数: 41
当前修改试卷总耗时: 2 s
blue
red
hi
rust is fun!
nice weather
Interpolation Station
a
hello there
Happy Tuesday!
my shift key is sticky

✅ Successfully ran exercises/strings/strings4.rs
strings4执行成功
总的题目数: 94
当前做正确的题目数: 42
当前修改试卷总耗时: 2 s

running 3 tests
test tests::compose_a_string ... ok
test tests::replace_a_string ... ok
test tests::trim_a_string ... ok

successes:

successes:
    tests::compose_a_string
    tests::replace_a_string
    tests::trim_a_string

test result: ok. 3 passed; 0 failed; 0 ignored; 0 measured; 0 filtered out; finished in 0.01s


strings3执行成功
总的题目数: 94
当前做正确的题目数: 43
当前修改试卷总耗时: 2 s

running 2 tests
test tests::at_least_three_types_of_fruits ... ok
test tests::at_least_five_fruits ... ok

successes:

successes:
    tests::at_least_five_fruits
    tests::at_least_three_types_of_fruits

test result: ok. 2 passed; 0 failed; 0 ignored; 0 measured; 0 filtered out; finished in 0.01s


hashmaps1执行成功
总的题目数: 94
当前做正确的题目数: 44
当前修改试卷总耗时: 2 s
Co-ordinates are 100,200 

✅ Successfully ran exercises/options/options3.rs
options3执行成功
总的题目数: 94
当前做正确的题目数: 45
当前修改试卷总耗时: 2 s

running 1 test
test tests::it_works ... ok

successes:

successes:
    tests::it_works

test result: ok. 1 passed; 0 failed; 0 ignored; 0 measured; 0 filtered out; finished in 0.00s


You now have 59 tokens.

✅ Successfully ran exercises/error_handling/errors3.rs
errors3执行成功
总的题目数: 94
当前做正确的题目数: 46
当前修改试卷总耗时: 2 s
quiz2执行成功
总的题目数: 94
当前做正确的题目数: 47
当前修改试卷总耗时: 2 s

running 3 tests
test tests::at_least_five_types_of_fruits ... ok
test tests::greater_than_eleven_fruits ... ok
test tests::test_given_fruits_are_not_modified ... ok

successes:

successes:
    tests::at_least_five_types_of_fruits
    tests::greater_than_eleven_fruits
    tests::test_given_fruits_are_not_modified

test result: ok. 3 passed; 0 failed; 0 ignored; 0 measured; 0 filtered out; finished in 0.01s


hashmaps2执行成功
总的题目数: 94
当前做正确的题目数: 48
当前修改试卷总耗时: 2 s

running 2 tests
test tests::explains_why_generating_nametag_text_fails ... ok
test tests::generates_nametag_text_for_a_nonempty_name ... ok

successes:

successes:
    tests::explains_why_generating_nametag_text_fails
    tests::generates_nametag_text_for_a_nonempty_name

test result: ok. 2 passed; 0 failed; 0 ignored; 0 measured; 0 filtered out; finished in 0.00s


errors1执行成功
总的题目数: 94
当前做正确的题目数: 49
当前修改试卷总耗时: 2 s

running 2 tests
test tests::layered_option ... ok
test tests::simple_option ... ok

successes:

successes:
    tests::layered_option
    tests::simple_option

test result: ok. 2 passed; 0 failed; 0 ignored; 0 measured; 0 filtered out; finished in 0.00s


options2执行成功
总的题目数: 94
当前做正确的题目数: 50
当前修改试卷总耗时: 2 s

running 1 test
test test_creation ... ok

successes:

successes:
    test_creation

test result: ok. 1 passed; 0 failed; 0 ignored; 0 measured; 0 filtered out; finished in 0.00s


errors4执行成功
总的题目数: 94
当前做正确的题目数: 51
当前修改试卷总耗时: 2 s

running 2 tests
test tests::check_icecream ... ok
test tests::raw_value ... ok

successes:

successes:
    tests::check_icecream
    tests::raw_value

test result: ok. 2 passed; 0 failed; 0 ignored; 0 measured; 0 filtered out; finished in 0.01s


options1执行成功
总的题目数: 94
当前做正确的题目数: 52
当前修改试卷总耗时: 2 s

running 3 tests
test tests::validate_team_score_1 ... ok
test tests::build_scores ... ok
test tests::validate_team_score_2 ... ok

successes:

successes:
    tests::build_scores
    tests::validate_team_score_1
    tests::validate_team_score_2

test result: ok. 3 passed; 0 failed; 0 ignored; 0 measured; 0 filtered out; finished in 0.01s


hashmaps3执行成功
总的题目数: 94
当前做正确的题目数: 53
当前修改试卷总耗时: 2 s
output=PositiveNonzeroInteger(42)

✅ Successfully ran exercises/error_handling/errors5.rs
errors5执行成功
总的题目数: 94
当前做正确的题目数: 54
当前修改试卷总耗时: 2 s

running 2 tests
test tests::item_quantity_is_a_valid_number ... ok
test tests::item_quantity_is_an_invalid_number ... ok

successes:

successes:
    tests::item_quantity_is_a_valid_number
    tests::item_quantity_is_an_invalid_number

test result: ok. 2 passed; 0 failed; 0 ignored; 0 measured; 0 filtered out; finished in 0.01s


errors2执行成功
总的题目数: 94
当前做正确的题目数: 55
当前修改试卷总耗时: 2 s

✅ Successfully ran exercises/generics/generics1.rs
generics1执行成功
总的题目数: 94
当前做正确的题目数: 56
当前修改试卷总耗时: 2 s

running 4 tests
test test::test_negative ... ok
test test::test_zero ... ok
test test::test_positive ... ok
test test::test_parse_error ... ok

successes:

successes:
    test::test_negative
    test::test_parse_error
    test::test_positive
    test::test_zero

test result: ok. 4 passed; 0 failed; 0 ignored; 0 measured; 0 filtered out; finished in 0.00s


errors6执行成功
总的题目数: 94
当前做正确的题目数: 57
当前修改试卷总耗时: 3 s

✅ Successfully ran exercises/traits/traits5.rs
traits5执行成功
总的题目数: 94
当前做正确的题目数: 58
当前修改试卷总耗时: 3 s

running 2 tests
test tests::store_str_in_wrapper ... ok
test tests::store_u32_in_wrapper ... ok

successes:

successes:
    tests::store_str_in_wrapper
    tests::store_u32_in_wrapper

test result: ok. 2 passed; 0 failed; 0 ignored; 0 measured; 0 filtered out; finished in 0.00s


generics2执行成功
总的题目数: 94
当前做正确的题目数: 59
当前修改试卷总耗时: 3 s

running 1 test
test tests::you_can_assert ... ok

successes:

successes:
    tests::you_can_assert

test result: ok. 1 passed; 0 failed; 0 ignored; 0 measured; 0 filtered out; finished in 0.00s


tests1执行成功
总的题目数: 94
当前做正确的题目数: 60
当前修改试卷总耗时: 3 s

running 1 test
test tests::is_licensing_info_the_same ... ok

successes:

successes:
    tests::is_licensing_info_the_same

test result: ok. 1 passed; 0 failed; 0 ignored; 0 measured; 0 filtered out; finished in 0.00s


traits3执行成功
总的题目数: 94
当前做正确的题目数: 61
当前修改试卷总耗时: 3 s

running 2 tests
test tests::is_false_when_odd ... ok
test tests::is_true_when_even ... ok

successes:

successes:
    tests::is_false_when_odd
    tests::is_true_when_even

test result: ok. 2 passed; 0 failed; 0 ignored; 0 measured; 0 filtered out; finished in 0.00s


tests3执行成功
总的题目数: 94
当前做正确的题目数: 62
当前修改试卷总耗时: 3 s

running 2 tests
test tests::is_bar_bar ... ok
test tests::is_foo_bar ... ok

successes:

successes:
    tests::is_bar_bar
    tests::is_foo_bar

test result: ok. 2 passed; 0 failed; 0 ignored; 0 measured; 0 filtered out; finished in 0.01s


traits1执行成功
总的题目数: 94
当前做正确的题目数: 63
当前修改试卷总耗时: 3 s

running 1 test
test tests::is_vec_pop_eq_bar ... ok

successes:

successes:
    tests::is_vec_pop_eq_bar

test result: ok. 1 passed; 0 failed; 0 ignored; 0 measured; 0 filtered out; finished in 0.00s


traits2执行成功
总的题目数: 94
当前做正确的题目数: 64
当前修改试卷总耗时: 3 s

running 1 test
test tests::you_can_assert_eq ... ok

successes:

successes:
    tests::you_can_assert_eq

test result: ok. 1 passed; 0 failed; 0 ignored; 0 measured; 0 filtered out; finished in 0.00s


tests2执行成功
总的题目数: 94
当前做正确的题目数: 65
当前修改试卷总耗时: 3 s

running 2 tests
test tests::compare_license_information ... ok
test tests::compare_license_information_backwards ... ok

successes:

successes:
    tests::compare_license_information
    tests::compare_license_information_backwards

test result: ok. 2 passed; 0 failed; 0 ignored; 0 measured; 0 filtered out; finished in 0.01s


traits4执行成功
总的题目数: 94
当前做正确的题目数: 66
当前修改试卷总耗时: 3 s

running 2 tests
test tests::generate_numeric_report_card ... ok
test tests::generate_alphabetic_report_card ... ok

successes:

successes:
    tests::generate_alphabetic_report_card
    tests::generate_numeric_report_card

test result: ok. 2 passed; 0 failed; 0 ignored; 0 measured; 0 filtered out; finished in 0.01s


The longest string is 'abcd'

✅ Successfully ran exercises/lifetimes/lifetimes1.rs
quiz3执行成功
总的题目数: 94
当前做正确的题目数: 67
当前修改试卷总耗时: 3 s
lifetimes1执行成功
总的题目数: 94
当前做正确的题目数: 68
当前修改试卷总耗时: 3 s
The longest string is 'long string is long'

✅ Successfully ran exercises/lifetimes/lifetimes2.rs
lifetimes2执行成功
总的题目数: 94
当前做正确的题目数: 69
当前修改试卷总耗时: 3 s
Fish Flying by Jill Smith

✅ Successfully ran exercises/lifetimes/lifetimes3.rs
lifetimes3执行成功
总的题目数: 94
当前做正确的题目数: 70
当前修改试卷总耗时: 3 s

✅ Successfully ran exercises/standard_library_types/iterators1.rs
iterators1执行成功
总的题目数: 94
当前做正确的题目数: 71
当前修改试卷总耗时: 3 s
reference count = 1
reference count = 2
Hi from Mercury(Sun)!
reference count = 3
Hi from Venus(Sun)!
reference count = 4
Hi from Earth(Sun)!
reference count = 5
Hi from Mars(Sun)!
reference count = 6
Hi from Jupiter(Sun)!
reference count = 7
Hi from Saturn(Sun)!
reference count = 8
Hi from Uranus(Sun)!
reference count = 9
Hi from Neptune(Sun)!
reference count = 8
reference count = 7
reference count = 6
reference count = 5
reference count = 4
reference count = 3
reference count = 2
reference count = 1

✅ Successfully ran exercises/standard_library_types/rc1.rs
rc1执行成功
总的题目数: 94
当前做正确的题目数: 72
当前修改试卷总耗时: 3 s
Sum of offset 1 is 637
Sum of offset 4 is 576
Sum of offset 7 is 612
Sum of offset 2 is 650
Sum of offset 0 is 624
Sum of offset 6 is 600
Sum of offset 3 is 663
Sum of offset 5 is 588

✅ Successfully ran exercises/standard_library_types/arc1.rs
arc1执行成功
总的题目数: 94
当前做正确的题目数: 73
当前修改试卷总耗时: 3 s
I borrowed the slice!
I modified the slice and now own it!
I own this slice!

✅ Successfully ran exercises/standard_library_types/cow1.rs
cow1执行成功
总的题目数: 94
当前做正确的题目数: 74
当前修改试卷总耗时: 3 s

running 4 tests
test tests::factorial_of_4 ... ok
test tests::factorial_of_0 ... ok
test tests::factorial_of_2 ... ok
test tests::factorial_of_1 ... ok

successes:

successes:
    tests::factorial_of_0
    tests::factorial_of_1
    tests::factorial_of_2
    tests::factorial_of_4

test result: ok. 4 passed; 0 failed; 0 ignored; 0 measured; 0 filtered out; finished in 0.01s


iterators4执行成功
总的题目数: 94
当前做正确的题目数: 75
当前修改试卷总耗时: 3 s

running 2 tests
test tests::test_create_non_empty_list ... ok
test tests::test_create_empty_list ... ok

successes:

successes:
    tests::test_create_empty_list
    tests::test_create_non_empty_list

test result: ok. 2 passed; 0 failed; 0 ignored; 0 measured; 0 filtered out; finished in 0.01s


box1执行成功
总的题目数: 94
当前做正确的题目数: 76
当前修改试卷总耗时: 3 s

✅ Successfully ran exercises/threads/threads1.rs

running 4 tests
test tests::test_empty ... ok
test tests::test_iterate_string_vec ... ok
test tests::test_success ... ok
test tests::test_iterate_into_string ... ok

successes:

successes:
    tests::test_empty
    tests::test_iterate_into_string
    tests::test_iterate_string_vec
    tests::test_success

test result: ok. 4 passed; 0 failed; 0 ignored; 0 measured; 0 filtered out; finished in 0.01s


threads1执行成功
总的题目数: 94
当前做正确的题目数: 77
当前修改试卷总耗时: 3 s
iterators2执行成功
总的题目数: 94
当前做正确的题目数: 78
当前修改试卷总耗时: 3 s

running 6 tests
test tests::test_divide_0_by_something ... ok
test tests::test_divide_by_0 ... ok
test tests::test_list_of_results ... ok
test tests::test_not_divisible ... ok
test tests::test_result_with_list ... ok
test tests::test_success ... ok

successes:

successes:
    tests::test_divide_0_by_something
    tests::test_divide_by_0
    tests::test_list_of_results
    tests::test_not_divisible
    tests::test_result_with_list
    tests::test_success

test result: ok. 6 passed; 0 failed; 0 ignored; 0 measured; 0 filtered out; finished in 0.01s


iterators3执行成功
总的题目数: 94
当前做正确的题目数: 79
当前修改试卷总耗时: 3 s

running 4 tests
test tests::count_complete ... ok
test tests::count_equals_for ... ok
test tests::count_collection_equals_for ... ok
test tests::count_collection_complete ... ok

successes:

successes:
    tests::count_collection_complete
    tests::count_collection_equals_for
    tests::count_complete
    tests::count_equals_for

test result: ok. 4 passed; 0 failed; 0 ignored; 0 measured; 0 filtered out; finished in 0.01s


iterators5执行成功
总的题目数: 94
当前做正确的题目数: 80
当前修改试卷总耗时: 3 s
Check out my macro!

✅ Successfully ran exercises/macros/macros1.rs
macros1执行成功
总的题目数: 94
当前做正确的题目数: 81
当前修改试卷总耗时: 3 s
Check out my macro!

✅ Successfully ran exercises/macros/macros2.rs
macros2执行成功
总的题目数: 94
当前做正确的题目数: 82
当前修改试卷总耗时: 4 s
Check out my macro!

✅ Successfully ran exercises/macros/macros3.rs
macros3执行成功
总的题目数: 94
当前做正确的题目数: 83
当前修改试卷总耗时: 4 s
Check out my macro!
Look at this other macro: 7777

✅ Successfully ran exercises/macros/macros4.rs
macros4执行成功
总的题目数: 94
当前做正确的题目数: 84
当前修改试卷总耗时: 4 s
jobs completed 1

✅ Successfully ran exercises/threads/threads2.rs
threads2执行成功
总的题目数: 94
当前做正确的题目数: 85
当前修改试卷总耗时: 4 s

running 1 test
test tests::returns_proper_type_and_value ... ok

successes:

successes:
    tests::returns_proper_type_and_value

test result: ok. 1 passed; 0 failed; 0 ignored; 0 measured; 0 filtered out; finished in 0.00s


using_as执行成功
总的题目数: 94
当前做正确的题目数: 86
当前修改试卷总耗时: 4 s

running 11 tests
test tests::test_bad_age ... ok
test tests::test_bad_convert ... ok
test tests::test_default ... ok
test tests::test_missing_age ... ok
test tests::test_good_convert ... ok
test tests::test_missing_comma_and_age ... ok
test tests::test_missing_name_and_age ... ok
test tests::test_missing_name ... ok
test tests::test_missing_name_and_invalid_age ... ok
test tests::test_trailing_comma_and_some_string ... ok
test tests::test_trailing_comma ... ok

successes:

successes:
    tests::test_bad_age
    tests::test_bad_convert
    tests::test_default
    tests::test_good_convert
    tests::test_missing_age
    tests::test_missing_comma_and_age
    tests::test_missing_name
    tests::test_missing_name_and_age
    tests::test_missing_name_and_invalid_age
    tests::test_trailing_comma
    tests::test_trailing_comma_and_some_string

test result: ok. 11 passed; 0 failed; 0 ignored; 0 measured; 0 filtered out; finished in 0.00s


from_into执行成功
总的题目数: 94
当前做正确的题目数: 87
当前修改试卷总耗时: 4 s

running 10 tests
test tests::empty_input ... ok
test tests::good_input ... ok
test tests::missing_comma_and_age ... ok
test tests::missing_name ... ok
test tests::missing_name_and_age ... ok
test tests::trailing_comma ... ok
test tests::trailing_comma_and_some_string ... ok
test tests::missing_name_and_invalid_age ... ok
test tests::invalid_age ... ok
test tests::missing_age ... ok

successes:

successes:
    tests::empty_input
    tests::good_input
    tests::invalid_age
    tests::missing_age
    tests::missing_comma_and_age
    tests::missing_name
    tests::missing_name_and_age
    tests::missing_name_and_invalid_age
    tests::trailing_comma
    tests::trailing_comma_and_some_string

test result: ok. 10 passed; 0 failed; 0 ignored; 0 measured; 0 filtered out; finished in 0.01s


from_str执行成功
总的题目数: 94
当前做正确的题目数: 88
当前修改试卷总耗时: 4 s

running 5 tests
test tests::different_counts ... ok
test tests::different_counts_using_string ... ok
test tests::mult_box ... ok
test tests::same_counts ... ok
test tests::same_counts_using_string ... ok

successes:

successes:
    tests::different_counts
    tests::different_counts_using_string
    tests::mult_box
    tests::same_counts
    tests::same_counts_using_string

test result: ok. 5 passed; 0 failed; 0 ignored; 0 measured; 0 filtered out; finished in 0.00s


as_ref_mut执行成功
总的题目数: 94
当前做正确的题目数: 89
当前修改试卷总耗时: 4 s

running 14 tests
test tests::test_array_correct ... ok
test tests::test_array_out_of_range_negative ... ok
test tests::test_array_out_of_range_positive ... ok
test tests::test_array_sum ... ok
test tests::test_slice_correct ... ok
test tests::test_slice_excess_length ... ok
test tests::test_slice_insufficient_length ... ok
test tests::test_slice_out_of_range_negative ... ok
test tests::test_slice_out_of_range_positive ... ok
test tests::test_slice_sum ... ok
test tests::test_tuple_correct ... ok
test tests::test_tuple_out_of_range_negative ... ok
test tests::test_tuple_out_of_range_positive ... ok
test tests::test_tuple_sum ... ok

successes:

successes:
    tests::test_array_correct
    tests::test_array_out_of_range_negative
    tests::test_array_out_of_range_positive
    tests::test_array_sum
    tests::test_slice_correct
    tests::test_slice_excess_length
    tests::test_slice_insufficient_length
    tests::test_slice_out_of_range_negative
    tests::test_slice_out_of_range_positive
    tests::test_slice_sum
    tests::test_tuple_correct
    tests::test_tuple_out_of_range_negative
    tests::test_tuple_out_of_range_positive
    tests::test_tuple_sum

test result: ok. 14 passed; 0 failed; 0 ignored; 0 measured; 0 filtered out; finished in 0.00s


try_from_into执行成功
总的题目数: 94
当前做正确的题目数: 90
当前修改试卷总耗时: 4 s
this is None
My array! Here it is: [-1, -2, -3, -4, -5, -6]
This Vec is empty, see? []
value a: 66; value b: 45

✅ Successfully ran exercises/clippy/clippy3.rs
clippy3执行成功
总的题目数: 94
当前做正确的题目数: 91
当前修改试卷总耗时: 4 s
54

✅ Successfully ran exercises/clippy/clippy2.rs
clippy2执行成功
总的题目数: 94
当前做正确的题目数: 92
当前修改试卷总耗时: 4 s
sending 6
Got: 6
sending 1
Got: 1
sending 7
Got: 7
sending 2
Got: 2
sending 8
Got: 8
sending 3
Got: 3
sending 9
Got: 9
sending 4
Got: 4
sending 10
Got: 10
sending 5
Got: 5
total numbers received: 10

✅ Successfully ran exercises/threads/threads3.rs
threads3执行成功
总的题目数: 94
当前做正确的题目数: 93
当前修改试卷总耗时: 8 s
```
stderr=```thread 'tokio-runtime-worker' panicked at 'Failed to run 'run' command: Os { code: 2, kind: NotFound, message: "No such file or directory" }', src/exercise.rs:185:14
note: run with `RUST_BACKTRACE=1` environment variable to display a backtrace
thread 'main' panicked at 'called `Result::unwrap()` on an `Err` value: JoinError::Panic(Id(99), ...)', src/main.rs:318:44
```
', /home/yzzlqyxc/.cargo/registry/src/mirrors.ustc.edu.cn-61ef6e0cd06fb9b8/assert_cmd-0.11.1/src/assert.rs:154:13
note: run with `RUST_BACKTRACE=1` environment variable to display a backtrace


failures:
    check

test result: FAILED. 0 passed; 1 failed; 0 ignored; 0 measured; 0 filtered out; finished in 8.16s

